<?xml version="1.0" encoding="UTF-8"?>
<testng-results skipped="0" failed="0" ignored="0" total="1" passed="1">
  <reporter-output>
  </reporter-output>
  <suite name="Default suite" duration-ms="12947" started-at="2021-11-22T03:10:37Z" finished-at="2021-11-22T03:10:49Z">
    <groups>
      <group name="cucumber">
        <method signature="AbstractTestNGCucumberTests.runScenario(io.cucumber.testng.PickleWrapper, io.cucumber.testng.FeatureWrapper)[pri:0, instance:com.testrunner.TestRunner@5700d6b1]" name="runScenario" class="io.cucumber.testng.AbstractTestNGCucumberTests"/>
      </group> <!-- cucumber -->
    </groups>
    <test name="Default test" duration-ms="12947" started-at="2021-11-22T03:10:37Z" finished-at="2021-11-22T03:10:49Z">
      <class name="com.testrunner.TestRunner">
        <test-method status="PASS" signature="setUpClass()[pri:0, instance:com.testrunner.TestRunner@5700d6b1]" name="setUpClass" is-config="true" duration-ms="590" started-at="2021-11-22T03:10:37Z" finished-at="2021-11-22T03:10:37Z">
          <reporter-output>
          </reporter-output>
        </test-method> <!-- setUpClass -->
        <test-method status="PASS" signature="runScenario(io.cucumber.testng.PickleWrapper, io.cucumber.testng.FeatureWrapper)[pri:0, instance:com.testrunner.TestRunner@5700d6b1]" name="runScenario" duration-ms="12292" started-at="2021-11-22T03:10:37Z" description="Runs Cucumber Scenarios" data-provider="scenarios" finished-at="2021-11-22T03:10:49Z">
          <params>
            <param index="0">
              <value>
                <![CDATA["able to delete existing user"]]>
              </value>
            </param>
            <param index="1">
              <value>
                <![CDATA["Optional[Add a new user to the table]"]]>
              </value>
            </param>
          </params>
          <reporter-output>
          </reporter-output>
        </test-method> <!-- runScenario -->
        <test-method status="PASS" signature="tearDownClass()[pri:0, instance:com.testrunner.TestRunner@5700d6b1]" name="tearDownClass" is-config="true" duration-ms="25" started-at="2021-11-22T03:10:49Z" finished-at="2021-11-22T03:10:49Z">
          <reporter-output>
          </reporter-output>
        </test-method> <!-- tearDownClass -->
      </class> <!-- com.testrunner.TestRunner -->
    </test> <!-- Default test -->
  </suite> <!-- Default suite -->
</testng-results>
